<?xml version="1.0" encoding="UTF-8"?>
<!-- Generated by org.testng.reporters.JUnitReportReporter -->
<testsuite hostname="DESKTOP-GPLOALC" failures="0" tests="1" name="FinalFramework.FinalFramework.SignInTest" time="1.253" errors="0" timestamp="2024-04-06T20:50:12 IST" skipped="0">
  <testcase classname="FinalFramework.FinalFramework.SignInTest" name="loginTest" time="1.253"/>
  <system-out/>
</testsuite> <!-- FinalFramework.FinalFramework.SignInTest -->
